2020-03-23 19:57:15,313 - [test07_main_stream.py-->line:80] - INFO: 用例：新增项目执行通过
2020-03-23 21:25:40,008 - [test07_main_stream.py-->line:82] - INFO: 用例：新增项目执行通过
2020-03-23 21:27:02,622 - [test07_main_stream.py-->line:82] - INFO: 用例：用户注册执行通过
2020-03-23 21:27:04,952 - [test07_main_stream.py-->line:82] - INFO: 用例：查看用户已注册的接口信息执行通过
2020-03-23 21:27:09,055 - [test07_main_stream.py-->line:82] - INFO: 用例：登录成功执行通过
2020-03-23 21:27:09,659 - [test07_main_stream.py-->line:82] - INFO: 用例：新增项目执行通过
2020-03-23 22:17:12,036 - [test07_main_stream.py-->line:82] - INFO: 用例：用户注册执行通过
2020-03-23 22:17:12,448 - [test07_main_stream.py-->line:82] - INFO: 用例：查看用户已注册的接口信息执行通过
2020-03-23 22:17:13,075 - [test07_main_stream.py-->line:82] - INFO: 用例：登录成功执行通过
2020-03-23 22:17:13,481 - [test07_main_stream.py-->line:82] - INFO: 用例：新增项目执行通过
2020-03-23 22:18:21,609 - [test07_main_stream.py-->line:82] - INFO: 用例：用户注册执行通过
2020-03-23 22:18:22,492 - [test07_main_stream.py-->line:82] - INFO: 用例：查看用户已注册的接口信息执行通过
2020-03-23 22:18:23,364 - [test07_main_stream.py-->line:82] - INFO: 用例：查看用户已注册的邮箱信息执行通过
2020-03-23 22:18:24,323 - [test07_main_stream.py-->line:82] - INFO: 用例：登录成功执行通过
2020-03-23 22:18:24,934 - [test07_main_stream.py-->line:82] - INFO: 用例：新增项目执行通过
2020-03-23 22:22:28,677 - [test07_main_stream.py-->line:83] - INFO: 用例：用户注册执行通过
2020-03-23 22:22:29,614 - [test07_main_stream.py-->line:83] - INFO: 用例：查看用户已注册的接口信息执行通过
2020-03-23 22:22:30,473 - [test07_main_stream.py-->line:83] - INFO: 用例：查看用户已注册的邮箱信息执行通过
2020-03-23 22:22:31,501 - [test07_main_stream.py-->line:83] - INFO: 用例：登录成功执行通过
2020-03-23 22:22:32,079 - [test07_main_stream.py-->line:83] - INFO: 用例：新增项目执行通过
2020-03-23 22:22:32,507 - [test07_main_stream.py-->line:83] - INFO: 用例：创建接口执行通过
2020-03-23 22:24:13,578 - [test07_main_stream.py-->line:83] - INFO: 用例：用户注册执行通过
2020-03-23 22:24:13,946 - [test07_main_stream.py-->line:83] - INFO: 用例：查看用户已注册的接口信息执行通过
2020-03-23 22:24:14,397 - [test07_main_stream.py-->line:83] - INFO: 用例：查看用户已注册的邮箱信息执行通过
2020-03-23 22:24:15,077 - [test07_main_stream.py-->line:83] - INFO: 用例：登录成功执行通过
2020-03-23 22:24:15,988 - [test07_main_stream.py-->line:83] - INFO: 用例：新增项目执行通过
2020-03-23 22:24:16,886 - [test07_main_stream.py-->line:83] - INFO: 用例：创建接口执行通过
2020-03-23 22:25:46,270 - [test07_main_stream.py-->line:83] - INFO: 用例：用户注册执行通过
2020-03-23 22:25:46,797 - [test07_main_stream.py-->line:83] - INFO: 用例：查看用户已注册的接口信息执行通过
2020-03-23 22:25:47,349 - [test07_main_stream.py-->line:83] - INFO: 用例：查看用户已注册的邮箱信息执行通过
2020-03-23 22:25:48,225 - [test07_main_stream.py-->line:83] - INFO: 用例：登录成功执行通过
2020-03-23 22:25:48,589 - [test07_main_stream.py-->line:83] - INFO: 用例：新增项目执行通过
2020-03-23 22:25:49,426 - [test07_main_stream.py-->line:83] - INFO: 用例：创建接口执行通过
2020-03-23 22:25:50,001 - [test07_main_stream.py-->line:83] - INFO: 用例：创建用例执行通过
2020-03-23 22:28:10,306 - [test07_main_stream.py-->line:83] - INFO: 用例：用户注册执行通过
2020-03-23 22:28:10,676 - [test07_main_stream.py-->line:83] - INFO: 用例：查看用户已注册的接口信息执行通过
2020-03-23 22:28:11,098 - [test07_main_stream.py-->line:83] - INFO: 用例：查看用户已注册的邮箱信息执行通过
2020-03-23 22:28:11,540 - [test07_main_stream.py-->line:83] - INFO: 用例：登录成功执行通过
2020-03-23 22:28:12,226 - [test07_main_stream.py-->line:83] - INFO: 用例：新增项目执行通过
2020-03-23 22:28:12,696 - [test07_main_stream.py-->line:83] - INFO: 用例：创建接口执行通过
2020-03-23 22:28:13,096 - [test07_main_stream.py-->line:83] - INFO: 用例：创建用例执行通过
2020-03-23 22:33:22,603 - [test07_main_stream.py-->line:83] - INFO: 用例：用户注册执行通过
2020-03-23 22:33:23,213 - [test07_main_stream.py-->line:83] - INFO: 用例：查看用户已注册的接口信息执行通过
2020-03-23 22:33:23,791 - [test07_main_stream.py-->line:83] - INFO: 用例：查看用户已注册的邮箱信息执行通过
2020-03-23 22:33:24,675 - [test07_main_stream.py-->line:83] - INFO: 用例：登录成功执行通过
2020-03-23 22:33:25,285 - [test07_main_stream.py-->line:83] - INFO: 用例：新增项目执行通过
2020-03-23 22:33:26,248 - [test07_main_stream.py-->line:83] - INFO: 用例：创建接口执行通过
2020-03-23 22:33:26,868 - [test07_main_stream.py-->line:83] - INFO: 用例：创建用例执行通过
2020-03-23 22:36:05,589 - [test07_main_stream.py-->line:83] - INFO: 用例：用户注册执行通过
2020-03-23 22:36:06,432 - [test07_main_stream.py-->line:83] - INFO: 用例：查看用户已注册的接口信息执行通过
2020-03-23 22:36:07,307 - [test07_main_stream.py-->line:83] - INFO: 用例：查看用户已注册的邮箱信息执行通过
2020-03-23 22:36:07,891 - [test07_main_stream.py-->line:83] - INFO: 用例：登录成功执行通过
2020-03-23 22:36:08,747 - [test07_main_stream.py-->line:83] - INFO: 用例：新增项目执行通过
2020-03-23 22:36:09,389 - [test07_main_stream.py-->line:83] - INFO: 用例：创建接口执行通过
2020-03-23 22:36:10,286 - [test07_main_stream.py-->line:83] - INFO: 用例：创建用例执行通过
2020-03-23 22:40:43,257 - [test07_main_stream.py-->line:83] - INFO: 用例：用户注册执行通过
2020-03-23 22:40:43,985 - [test07_main_stream.py-->line:83] - INFO: 用例：查看用户已注册的接口信息执行通过
2020-03-23 22:40:44,511 - [test07_main_stream.py-->line:83] - INFO: 用例：查看用户已注册的邮箱信息执行通过
2020-03-23 22:40:45,518 - [test07_main_stream.py-->line:83] - INFO: 用例：登录成功执行通过
2020-03-23 22:40:46,118 - [test07_main_stream.py-->line:83] - INFO: 用例：新增项目执行通过
2020-03-23 22:40:46,748 - [test07_main_stream.py-->line:83] - INFO: 用例：创建接口执行通过
2020-03-23 22:40:47,599 - [test07_main_stream.py-->line:83] - INFO: 用例：创建用例执行通过
2020-03-23 23:03:28,455 - [test07_main_stream.py-->line:83] - INFO: 用例：用户注册执行通过
2020-03-23 23:03:28,923 - [test07_main_stream.py-->line:83] - INFO: 用例：查看用户已注册的接口信息执行通过
2020-03-23 23:03:29,239 - [test07_main_stream.py-->line:83] - INFO: 用例：查看用户已注册的邮箱信息执行通过
2020-03-23 23:03:29,770 - [test07_main_stream.py-->line:83] - INFO: 用例：登录成功执行通过
2020-03-23 23:03:30,260 - [test07_main_stream.py-->line:83] - INFO: 用例：新增项目执行通过
2020-03-23 23:03:30,726 - [test07_main_stream.py-->line:83] - INFO: 用例：创建接口执行通过
2020-03-23 23:03:31,248 - [test07_main_stream.py-->line:83] - INFO: 用例：创建用例执行通过
